[INFO] Scanning for projects...
[INFO] 
[INFO] -------------------------< org.th:MyTogether >--------------------------
[INFO] Building MyTogether 1.0-SNAPSHOT
[INFO]   from pom.xml
[INFO] --------------------------------[ jar ]---------------------------------
[INFO] 
[INFO] >>> spring-boot:3.4.0:run (default-cli) > test-compile @ MyTogether >>>
[INFO] 
[INFO] --- resources:3.3.1:resources (default-resources) @ MyTogether ---
[INFO] Copying 1 resource from src/main/resources to target/classes
[INFO] Copying 3 resources from src/main/resources to target/classes
[INFO] 
[INFO] --- compiler:3.13.0:compile (default-compile) @ MyTogether ---
[INFO] Nothing to compile - all classes are up to date.
[INFO] 
[INFO] --- resources:3.3.1:testResources (default-testResources) @ MyTogether ---
[INFO] skip non existing resourceDirectory /Users/banbann/Desktop/Repo/MyTogether/src/test/resources
[INFO] 
[INFO] --- compiler:3.13.0:testCompile (default-testCompile) @ MyTogether ---
[INFO] Nothing to compile - all classes are up to date.
[INFO] 
[INFO] <<< spring-boot:3.4.0:run (default-cli) < test-compile @ MyTogether <<<
[INFO] 
[INFO] 
[INFO] --- spring-boot:3.4.0:run (default-cli) @ MyTogether ---
[INFO] Attaching agents: []

  .   ____          _            __ _ _
 /\\ / ___'_ __ _ _(_)_ __  __ _ \ \ \ \
( ( )\___ | '_ | '_| | '_ \/ _` | \ \ \ \
 \\/  ___)| |_)| | | | | || (_| |  ) ) ) )
  '  |____| .__|_| |_|_| |_\__, | / / / /
 =========|_|==============|___/=/_/_/_/

 :: Spring Boot ::                (v3.4.0)

2025-12-08T14:55:53.272+07:00  INFO [] [] [] --- [  restartedMain] org.th.MyTogetherApplication             : Starting MyTogetherApplication using Java 21.0.5 with PID 36408 (/Users/banbann/Desktop/Repo/MyTogether/target/classes started by banbann in /Users/banbann/Desktop/Repo/MyTogether)
2025-12-08T14:55:53.272+07:00  WARN [] [] [] --- [-warning-logger] com.logtail.logback.LogtailAppender      : Missing Source token for Better Stack - disabling LogtailAppender. Find out how to fix this at: https://betterstack.com/docs/logs/java 
2025-12-08T14:55:53.273+07:00  INFO [] [] [] --- [  restartedMain] org.th.MyTogetherApplication             : No active profile set, falling back to 1 default profile: "default"
2025-12-08T14:55:53.288+07:00  INFO [] [] [] --- [  restartedMain] .e.DevToolsPropertyDefaultsPostProcessor : Devtools property defaults active! Set 'spring.devtools.add-properties' to 'false' to disable
2025-12-08T14:55:53.288+07:00  INFO [] [] [] --- [  restartedMain] .e.DevToolsPropertyDefaultsPostProcessor : For additional web related logging consider setting the 'logging.level.web' property to 'DEBUG'
2025-12-08T14:55:53.575+07:00  INFO [] [] [] --- [  restartedMain] .s.d.r.c.RepositoryConfigurationDelegate : Bootstrapping Spring Data JPA repositories in DEFAULT mode.
2025-12-08T14:55:53.605+07:00  INFO [] [] [] --- [  restartedMain] .s.d.r.c.RepositoryConfigurationDelegate : Finished Spring Data repository scanning in 26 ms. Found 17 JPA repository interfaces.
2025-12-08T14:55:53.911+07:00  INFO [] [] [] --- [  restartedMain] o.s.b.w.embedded.tomcat.TomcatWebServer  : Tomcat initialized with port 8080 (http)
2025-12-08T14:55:53.916+07:00  INFO [] [] [] --- [  restartedMain] o.apache.catalina.core.StandardService   : Starting service [Tomcat]
2025-12-08T14:55:53.916+07:00  INFO [] [] [] --- [  restartedMain] o.apache.catalina.core.StandardEngine    : Starting Servlet engine: [Apache Tomcat/10.1.33]
2025-12-08T14:55:53.930+07:00  INFO [] [] [] --- [  restartedMain] o.a.c.c.C.[Tomcat].[localhost].[/]       : Initializing Spring embedded WebApplicationContext
2025-12-08T14:55:53.930+07:00  INFO [] [] [] --- [  restartedMain] w.s.c.ServletWebServerApplicationContext : Root WebApplicationContext: initialization completed in 642 ms
2025-12-08T14:55:54.007+07:00  INFO [] [] [] --- [  restartedMain] o.hibernate.jpa.internal.util.LogHelper  : HHH000204: Processing PersistenceUnitInfo [name: default]
2025-12-08T14:55:54.025+07:00  INFO [] [] [] --- [  restartedMain] org.hibernate.Version                    : HHH000412: Hibernate ORM core version 6.6.2.Final
2025-12-08T14:55:54.034+07:00  INFO [] [] [] --- [  restartedMain] o.h.c.internal.RegionFactoryInitiator    : HHH000026: Second-level cache disabled
2025-12-08T14:55:54.108+07:00  INFO [] [] [] --- [  restartedMain] o.s.o.j.p.SpringPersistenceUnitInfo      : No LoadTimeWeaver setup: ignoring JPA class transformer
2025-12-08T14:55:54.753+07:00  WARN [] [] [] --- [  restartedMain] org.hibernate.orm.deprecation            : HHH90000025: PostgreSQLDialect does not need to be specified explicitly using 'hibernate.dialect' (remove the property setting and it will be selected by default)
2025-12-08T14:55:54.831+07:00  INFO [] [] [] --- [  restartedMain] org.hibernate.orm.connections.pooling    : HHH10001005: Database info:
	Database JDBC URL [Connecting through datasource 'HikariDataSource (HikariPool-1)']
	Database driver: undefined/unknown
	Database version: 17.6
	Autocommit mode: undefined/unknown
	Isolation level: undefined/unknown
	Minimum pool size: undefined/unknown
	Maximum pool size: undefined/unknown
2025-12-08T14:55:55.296+07:00  INFO [] [] [] --- [  restartedMain] o.h.e.t.j.p.i.JtaPlatformInitiator       : HHH000489: No JTA platform available (set 'hibernate.transaction.jta.platform' to enable JTA platform integration)
2025-12-08T14:55:59.722+07:00  INFO [] [] [] --- [  restartedMain] j.LocalContainerEntityManagerFactoryBean : Initialized JPA EntityManagerFactory for persistence unit 'default'
2025-12-08T14:55:59.883+07:00  INFO [] [] [] --- [  restartedMain] o.s.d.j.r.query.QueryEnhancerFactory     : Hibernate is in classpath; If applicable, HQL parser will be used.
2025-12-08T14:56:01.731+07:00  INFO [] [] [] --- [  restartedMain] eAuthenticationProviderManagerConfigurer : Global AuthenticationManager configured with AuthenticationProvider bean with name authenticationProvider
2025-12-08T14:56:01.731+07:00  WARN [] [] [] --- [  restartedMain] r$InitializeUserDetailsManagerConfigurer : Global AuthenticationManager configured with an AuthenticationProvider bean. UserDetailsService beans will not be used by Spring Security for automatically configuring username/password login. Consider removing the AuthenticationProvider bean. Alternatively, consider using the UserDetailsService in a manually instantiated DaoAuthenticationProvider. If the current configuration is intentional, to turn off this warning, increase the logging level of 'org.springframework.security.config.annotation.authentication.configuration.InitializeUserDetailsBeanManagerConfigurer' to ERROR
2025-12-08T14:56:02.446+07:00 DEBUG [] [] [] --- [  restartedMain] o.s.s.web.DefaultSecurityFilterChain     : Will secure any request with filters: DisableEncodeUrlFilter, WebAsyncManagerIntegrationFilter, SecurityContextHolderFilter, HeaderWriterFilter, CorsFilter, LogoutFilter, JwtAuthenticationFilter, RequestCacheAwareFilter, SecurityContextHolderAwareRequestFilter, AnonymousAuthenticationFilter, SessionManagementFilter, ExceptionTranslationFilter, AuthorizationFilter
2025-12-08T14:56:02.689+07:00  INFO [] [] [] --- [  restartedMain] o.s.b.d.a.OptionalLiveReloadServer       : LiveReload server is running on port 35729
2025-12-08T14:56:02.706+07:00  INFO [] [] [] --- [  restartedMain] o.s.b.w.embedded.tomcat.TomcatWebServer  : Tomcat started on port 8080 (http) with context path '/'
2025-12-08T14:56:02.711+07:00  INFO [] [] [] --- [  restartedMain] org.th.MyTogetherApplication             : Started MyTogetherApplication in 9.652 seconds (process running for 9.8)
2025-12-08T14:56:02.712+07:00  INFO [] [] [] --- [  restartedMain] org.th.config.CacheWarmup                : Initializing Cache Warm-up...
2025-12-08T14:56:02.832+07:00  INFO [] [] [] --- [  restartedMain] org.th.service.ShopService               : Fetching all shops slice: 0
2025-12-08T14:56:02.832+07:00  INFO [] [] [] --- [   scheduling-1] org.th.service.TrendingService           : Starting optimized trending score calculation...
Hibernate: 
    select
        s1_0.id,
        s1_0.address,
        s1_0.address_mm,
        s1_0.category,
        s1_0.city,
        s1_0.created_at,
        s1_0.created_by,
        s1_0.description,
        s1_0.description_mm,
        s1_0.email,
        s1_0.has_delivery,
        s1_0.has_parking,
        s1_0.has_wifi,
        s1_0.is_active,
        s1_0.is_verified,
        s1_0.latitude,
        s1_0.longitude,
        s1_0.name,
        s1_0.name_en,
        s1_0.name_mm,
        s1_0.owner_id,
        s1_0.phone,
        s1_0.rating_avg,
        s1_0.rating_count,
        s1_0.slug,
        s1_0.specialties,
        s1_0.sub_category,
        s1_0.township,
        s1_0.trending_score,
        s1_0.updated_at,
        s1_0.view_count 
    from
        shops s1_0 
    where
        s1_0.is_active 
    fetch
        first ? rows only
Hibernate: 
    select
        s1_0.id,
        s1_0.address,
        s1_0.address_mm,
        s1_0.category,
        s1_0.city,
        s1_0.created_at,
        s1_0.created_by,
        s1_0.description,
        s1_0.description_mm,
        s1_0.email,
        s1_0.has_delivery,
        s1_0.has_parking,
        s1_0.has_wifi,
        s1_0.is_active,
        s1_0.is_verified,
        s1_0.latitude,
        s1_0.longitude,
        s1_0.name,
        s1_0.name_en,
        s1_0.name_mm,
        s1_0.owner_id,
        s1_0.phone,
        s1_0.rating_avg,
        s1_0.rating_count,
        s1_0.slug,
        s1_0.specialties,
        s1_0.sub_category,
        s1_0.township,
        s1_0.trending_score,
        s1_0.updated_at,
        s1_0.view_count 
    from
        shops s1_0
Hibernate: 
    select
        distinct s1_0.id,
        s1_0.address,
        s1_0.address_mm,
        s1_0.category,
        s1_0.city,
        s1_0.created_at,
        s1_0.created_by,
        s1_0.description,
        s1_0.description_mm,
        s1_0.email,
        s1_0.has_delivery,
        s1_0.has_parking,
        s1_0.has_wifi,
        s1_0.is_active,
        s1_0.is_verified,
        s1_0.latitude,
        s1_0.longitude,
        s1_0.name,
        s1_0.name_en,
        s1_0.name_mm,
        s1_0.owner_id,
        s1_0.phone,
        p1_0.shop_id,
        p1_0.id,
        p1_0.caption,
        p1_0.caption_en,
        p1_0.caption_mm,
        p1_0.display_order,
        p1_0.is_primary,
        p1_0.photo_type,
        p1_0.thumbnail_url,
        p1_0.uploaded_at,
        p1_0.uploaded_by,
        p1_0.url,
        s1_0.rating_avg,
        s1_0.rating_count,
        s1_0.slug,
        s1_0.specialties,
        s1_0.sub_category,
        s1_0.township,
        s1_0.trending_score,
        s1_0.updated_at,
        s1_0.view_count 
    from
        shops s1_0 
    left join
        shop_photos p1_0 
            on s1_0.id=p1_0.shop_id 
    where
        s1_0.id in (?, ?, ?, ?, ?, ?, ?, ?, ?, ?, ?, ?, ?, ?, ?, ?, ?, ?, ?, ?)
Hibernate: 
    select
        ua1_0.target_id,
        count(ua1_0.id) 
    from
        user_activities ua1_0 
    where
        ua1_0.activity_type=? 
        and ua1_0.created_at>=? 
    group by
        ua1_0.target_id
Hibernate: 
    select
        f1_0.shop_id,
        count(f1_0.id) 
    from
        favorites f1_0 
    where
        f1_0.created_at>=? 
    group by
        f1_0.shop_id
Hibernate: 
    select
        r1_0.shop_id,
        count(r1_0.id) 
    from
        reviews r1_0 
    where
        r1_0.created_at>=? 
    group by
        r1_0.shop_id
2025-12-08T14:56:03.037+07:00  INFO [] [] [] --- [  restartedMain] org.th.config.CacheWarmup                : Cache Warm-up completed in 325 ms. Home feed is now ready.
Hibernate: 
    select
        ua1_0.target_id,
        count(ua1_0.id) 
    from
        user_activities ua1_0 
    where
        ua1_0.activity_type in (?, ?, ?) 
        and ua1_0.created_at>=? 
    group by
        ua1_0.target_id
2025-12-08T14:56:03.108+07:00  INFO [] [] [] --- [   scheduling-1] org.th.service.TrendingService           : Trending score calculation completed for 20 shops in 275 ms.
2025-12-08T14:56:33.083+07:00  INFO [] [] [] --- [nio-8080-exec-1] o.a.c.c.C.[Tomcat].[localhost].[/]       : Initializing Spring DispatcherServlet 'dispatcherServlet'
2025-12-08T14:56:33.083+07:00  INFO [] [] [] --- [nio-8080-exec-1] o.s.web.servlet.DispatcherServlet        : Initializing Servlet 'dispatcherServlet'
2025-12-08T14:56:33.084+07:00  INFO [] [] [] --- [nio-8080-exec-1] o.s.web.servlet.DispatcherServlet        : Completed initialization in 1 ms
2025-12-08T14:56:33.095+07:00 DEBUG [e8c66bcd-ff71-4a76-887b-33859094a6f3] [] [] --- [nio-8080-exec-1] o.s.s.w.a.AnonymousAuthenticationFilter  : Set SecurityContextHolder to anonymous SecurityContext
2025-12-08T14:56:33.104+07:00  INFO [e8c66bcd-ff71-4a76-887b-33859094a6f3] [] [] --- [nio-8080-exec-1] org.th.aspect.LoggingAspect              : Start: org.th.controller.SystemController.checkDbLatency() [GET /api/system/db-latency] - Params: none
Hibernate: 
    SELECT
        1
2025-12-08T14:56:33.283+07:00  INFO [e8c66bcd-ff71-4a76-887b-33859094a6f3] [] [] --- [nio-8080-exec-1] org.th.aspect.LoggingAspect              : Finished: org.th.controller.SystemController.checkDbLatency() - Execution Time: 179 ms (0.18 s)
2025-12-08T14:56:37.871+07:00 DEBUG [f80340b9-a6c5-4144-a7f2-47e2b20d3883] [] [] --- [nio-8080-exec-2] o.s.s.w.a.AnonymousAuthenticationFilter  : Set SecurityContextHolder to anonymous SecurityContext
2025-12-08T14:56:37.882+07:00  INFO [f80340b9-a6c5-4144-a7f2-47e2b20d3883] [] [] --- [nio-8080-exec-2] org.th.aspect.LoggingAspect              : Start: org.th.controller.ShopController.getShopById() [GET /api/shops/1] - Params: {id=1}
Hibernate: 
    select
        distinct s1_0.id,
        s1_0.address,
        s1_0.address_mm,
        s1_0.category,
        s1_0.city,
        s1_0.created_at,
        s1_0.created_by,
        s1_0.description,
        s1_0.description_mm,
        s1_0.email,
        s1_0.has_delivery,
        s1_0.has_parking,
        s1_0.has_wifi,
        s1_0.is_active,
        s1_0.is_verified,
        s1_0.latitude,
        s1_0.longitude,
        s1_0.name,
        s1_0.name_en,
        s1_0.name_mm,
        s1_0.owner_id,
        s1_0.phone,
        p1_0.shop_id,
        p1_0.id,
        p1_0.caption,
        p1_0.caption_en,
        p1_0.caption_mm,
        p1_0.display_order,
        p1_0.is_primary,
        p1_0.photo_type,
        p1_0.thumbnail_url,
        p1_0.uploaded_at,
        p1_0.uploaded_by,
        p1_0.url,
        s1_0.rating_avg,
        s1_0.rating_count,
        s1_0.slug,
        s1_0.specialties,
        s1_0.sub_category,
        s1_0.township,
        s1_0.trending_score,
        s1_0.updated_at,
        s1_0.view_count 
    from
        shops s1_0 
    left join
        shop_photos p1_0 
            on s1_0.id=p1_0.shop_id 
    where
        s1_0.id=?
Hibernate: 
    select
        oh1_0.shop_id,
        oh1_0.id,
        oh1_0.closing_time,
        oh1_0.day_of_week,
        oh1_0.is_closed,
        oh1_0.opening_time 
    from
        operating_hours oh1_0 
    where
        oh1_0.shop_id=?
2025-12-08T14:56:38.098+07:00  INFO [f80340b9-a6c5-4144-a7f2-47e2b20d3883] [] [] --- [nio-8080-exec-2] org.th.aspect.LoggingAspect              : Finished: org.th.controller.ShopController.getShopById() - Execution Time: 216 ms (0.22 s)
Hibernate: 
    insert 
    into
        user_activities
        (activity_type, category, created_at, device_id, device_type, ip_address, latitude, longitude, metadata, os_name, search_query, session_id, shop_id, target_id, target_name, user_id) 
    values
        (?, ?, ?, ?, ?, ?, ?, ?, ?, ?, ?, ?, ?, ?, ?, ?)
2025-12-08T14:57:29.716+07:00 DEBUG [994dcedf-7547-46f4-9a47-6fd1a73dcb05] [] [] --- [nio-8080-exec-4] o.s.s.w.a.AnonymousAuthenticationFilter  : Set SecurityContextHolder to anonymous SecurityContext
2025-12-08T14:57:29.717+07:00  INFO [994dcedf-7547-46f4-9a47-6fd1a73dcb05] [] [] --- [nio-8080-exec-4] org.th.aspect.LoggingAspect              : Start: org.th.controller.ShopController.getShopMenu() [GET /api/shops/1/menu] - Params: {id=1}
2025-12-08T14:57:29.718+07:00  INFO [994dcedf-7547-46f4-9a47-6fd1a73dcb05] [] [] --- [nio-8080-exec-4] org.th.service.ShopService               : Fetching menu for shop ID: 1
Hibernate: 
    select
        distinct mc1_0.id,
        mc1_0.created_at,
        mc1_0.display_order,
        mc1_0.is_active,
        i1_0.category_id,
        i1_0.id,
        i1_0.created_at,
        i1_0.currency,
        i1_0.display_order,
        i1_0.image_url,
        i1_0.is_available,
        i1_0.is_popular,
        i1_0.is_spicy,
        i1_0.is_vegetarian,
        i1_0.name,
        i1_0.name_en,
        i1_0.name_mm,
        i1_0.price,
        i1_0.shop_id,
        mc1_0.name,
        mc1_0.name_en,
        mc1_0.name_mm,
        mc1_0.shop_id 
    from
        menu_categories mc1_0 
    left join
        menu_items i1_0 
            on mc1_0.id=i1_0.category_id 
    where
        mc1_0.shop_id=?
2025-12-08T14:57:29.869+07:00  INFO [994dcedf-7547-46f4-9a47-6fd1a73dcb05] [] [] --- [nio-8080-exec-4] org.th.aspect.LoggingAspect              : Finished: org.th.controller.ShopController.getShopMenu() - Execution Time: 152 ms (0.15 s)
